[2020-05-11T02:59:14] debug: reframe: executing OS command: modulecmd -V
[2020-05-11T02:59:14] debug: reframe: executing OS command: modulecmd python
[2020-05-11T02:59:14] debug: reframe: Command-line configuration:
    account=None
    checkpath=['ibex_checks']
    colorize=True
    config_file=/ibex/scratch/projects/swtools/software/apps/reframe-2.21/reframe/settings.py
    cpu_only=False
    exclude_names=[]
    exclude_nodes=None
    exec_policy=serial
    flex_alloc_nodes=None
    flex_alloc_tasks=None
    force_local=False
    gpu_only=False
    ignore_check_conflicts=False
    job_options=[]
    keep_stage_files=False
    list=False
    list_detailed=False
    max_retries=0
    mode=None
    module_map_file=None
    module_mappings=[]
    names=[]
    nodelist=None
    non_default_craype=False
    output=None
    partition=None
    perflogdir=None
    performance_report=False
    prefix=None
    prgenv=['.*']
    purge_env=False
    recursive=False
    reservation=None
    run=True
    save_log_files=False
    show_config=False
    show_config_env=None
    skip_performance_check=False
    skip_prgenv_check=False
    skip_sanity_check=False
    skip_system_check=False
    stage=None
    strict=False
    system=ibex
    tags=['gromacs']
    timestamp=None
    unload_modules=[]
    user_modules=[]
    verbose=0
[2020-05-11T02:59:14] info: reframe: Command line: /ibex/scratch/projects/swtools/software/apps/reframe-2.21/bin/reframe --system ibex -c ibex_checks -t gromacs -r
[2020-05-11T02:59:14] info: reframe: Reframe version: 2.21
[2020-05-11T02:59:14] info: reframe: Launched by user: ismailiy
[2020-05-11T02:59:14] info: reframe: Launched on host: cn509-02-r
[2020-05-11T02:59:14] info: reframe: Reframe paths
[2020-05-11T02:59:14] info: reframe: =============
[2020-05-11T02:59:14] info: reframe:     Check prefix      : 
[2020-05-11T02:59:14] info: reframe:     Check search path : 'ibex_checks'
[2020-05-11T02:59:14] info: reframe:     Stage dir prefix     : /ibex/scratch/ismailiy/reframe/ismailiy_reframe/ksl_postmaint_tests/stage/
[2020-05-11T02:59:14] info: reframe:     Output dir prefix    : /ibex/scratch/ismailiy/reframe/ismailiy_reframe/ksl_postmaint_tests/output/
[2020-05-11T02:59:14] info: reframe:     Perf. logging prefix : /ibex/scratch/ismailiy/reframe/ismailiy_reframe/ksl_postmaint_tests/perflogs
[2020-05-11T02:59:14] warning: reframe: [33m/ibex/scratch/projects/swtools/software/apps/reframe-2.21/bin/reframe: skipping test due to errors: singularity_checks: use `-v' for more information
  FILE: /ibex/scratch/ismailiy/reframe/ismailiy_reframe/ksl_postmaint_tests/ibex_checks/singularity.py:29[0m
[2020-05-11T02:59:14] verbose: reframe: Traceback (most recent call last):
  File "/ibex/scratch/projects/swtools/software/apps/reframe-2.21/reframe/core/decorators.py", line 44, in _instantiate_all
    ret.append(_instantiate(cls, args))
  File "/ibex/scratch/projects/swtools/software/apps/reframe-2.21/reframe/core/decorators.py", line 31, in _instantiate
    return cls()
  File "/ibex/scratch/ismailiy/reframe/ismailiy_reframe/ksl_postmaint_tests/ibex_checks/singularity.py", line 29, in __init__
    self.stdout, 'GFlops', string)
NameError: name 'string' is not defined

[2020-05-11T02:59:14] info: reframe: [==========] Running 1 check(s)
[2020-05-11T02:59:14] info: reframe: [==========] Started on Mon May 11 02:59:14 2020 
[2020-05-11T02:59:14] info: reframe: 
[2020-05-11T02:59:14] info: reframe: [----------] started processing gromacs_check (GROMACS 2019 Run Only tests)
[2020-05-11T02:59:14] info: reframe: [ [32mRUN     [0m ] gromacs_check on ibex:batch using intel
[2020-05-11T02:59:14] debug: gromacs_check: entering stage: setup
[2020-05-11T02:59:14] debug: gromacs_check: setting up paths
[2020-05-11T02:59:14] debug: gromacs_check: setting up the job descriptor
[2020-05-11T02:59:14] debug: gromacs_check: job scheduler backend: local
[2020-05-11T02:59:14] debug: gromacs_check: setting up performance logging
[2020-05-11T02:59:14] debug: gromacs_check: entering stage: compile
[2020-05-11T02:59:14] debug: gromacs_check: entering stage: compile_wait
[2020-05-11T02:59:14] debug: gromacs_check: entering stage: run
[2020-05-11T02:59:14] debug: gromacs_check: copying /ibex/scratch/ismailiy/reframe/ismailiy_reframe/ksl_postmaint_tests/resourcesdir/gromacs to stage directory (/ibex/scratch/ismailiy/reframe/ismailiy_reframe/ksl_postmaint_tests/stage/ibex/batch/intel/gromacs_check)
[2020-05-11T02:59:14] debug: gromacs_check: symlinking files: []
[2020-05-11T02:59:15] debug: gromacs_check: executing OS command: modulecmd python show intelstack-default
[2020-05-11T02:59:15] debug: gromacs_check: executing OS command: modulecmd python load intelstack-default
[2020-05-11T02:59:15] debug: gromacs_check: executing OS command: modulecmd python show gromacs/2019.4/openmpi-2.1.1-intel-2018-sp
[2020-05-11T02:59:15] debug: gromacs_check: executing OS command: modulecmd python load gromacs/2019.4/openmpi-2.1.1-intel-2018-sp
[2020-05-11T02:59:15] debug: gromacs_check: executing OS command: sbatch rfm_gromacs_check_job.sh
[2020-05-11T02:59:15] debug: gromacs_check: spawned job (jobid=10573965)
[2020-05-11T02:59:15] debug: gromacs_check: entering stage: wait
[2020-05-11T02:59:15] debug: gromacs_check: executing OS command: sacct -S 2020-05-11 -P -j 10573965 -o jobid,state,exitcode,nodelist
[2020-05-11T02:59:16] debug: gromacs_check: job state not matched (stdout follows)
JobID|State|ExitCode|NodeList

[2020-05-11T02:59:17] debug: gromacs_check: executing OS command: sacct -S 2020-05-11 -P -j 10573965 -o jobid,state,exitcode,nodelist
[2020-05-11T02:59:17] debug: gromacs_check: job state not matched (stdout follows)
JobID|State|ExitCode|NodeList

[2020-05-11T02:59:19] debug: gromacs_check: executing OS command: sacct -S 2020-05-11 -P -j 10573965 -o jobid,state,exitcode,nodelist
[2020-05-11T02:59:19] debug: gromacs_check: job state not matched (stdout follows)
JobID|State|ExitCode|NodeList

[2020-05-11T02:59:22] debug: gromacs_check: executing OS command: sacct -S 2020-05-11 -P -j 10573965 -o jobid,state,exitcode,nodelist
[2020-05-11T02:59:23] debug: gromacs_check: executing OS command: sacct -S 2020-05-11 -P -j 10573965 -o jobid,state,exitcode,nodelist
[2020-05-11T02:59:25] debug: gromacs_check: executing OS command: sacct -S 2020-05-11 -P -j 10573965 -o jobid,state,exitcode,nodelist
[2020-05-11T02:59:29] debug: gromacs_check: executing OS command: sacct -S 2020-05-11 -P -j 10573965 -o jobid,state,exitcode,nodelist
[2020-05-11T02:59:30] debug: gromacs_check: executing OS command: sacct -S 2020-05-11 -P -j 10573965 -o jobid,state,exitcode,nodelist
[2020-05-11T02:59:32] debug: gromacs_check: executing OS command: sacct -S 2020-05-11 -P -j 10573965 -o jobid,state,exitcode,nodelist
[2020-05-11T02:59:35] debug: gromacs_check: executing OS command: sacct -S 2020-05-11 -P -j 10573965 -o jobid,state,exitcode,nodelist
[2020-05-11T02:59:36] debug: gromacs_check: executing OS command: squeue -h -j 10573965 -o %r
[2020-05-11T02:59:37] debug: gromacs_check: executing OS command: sacct -S 2020-05-11 -P -j 10573965 -o jobid,state,exitcode,nodelist
[2020-05-11T02:59:39] debug: gromacs_check: executing OS command: sacct -S 2020-05-11 -P -j 10573965 -o jobid,state,exitcode,nodelist
[2020-05-11T02:59:42] debug: gromacs_check: executing OS command: sacct -S 2020-05-11 -P -j 10573965 -o jobid,state,exitcode,nodelist
[2020-05-11T02:59:43] debug: gromacs_check: executing OS command: sacct -S 2020-05-11 -P -j 10573965 -o jobid,state,exitcode,nodelist
[2020-05-11T02:59:46] debug: gromacs_check: executing OS command: sacct -S 2020-05-11 -P -j 10573965 -o jobid,state,exitcode,nodelist
[2020-05-11T02:59:49] debug: gromacs_check: executing OS command: sacct -S 2020-05-11 -P -j 10573965 -o jobid,state,exitcode,nodelist
[2020-05-11T02:59:50] debug: gromacs_check: executing OS command: sacct -S 2020-05-11 -P -j 10573965 -o jobid,state,exitcode,nodelist
[2020-05-11T02:59:52] debug: gromacs_check: executing OS command: sacct -S 2020-05-11 -P -j 10573965 -o jobid,state,exitcode,nodelist
[2020-05-11T02:59:56] debug: gromacs_check: executing OS command: sacct -S 2020-05-11 -P -j 10573965 -o jobid,state,exitcode,nodelist
[2020-05-11T02:59:57] debug: gromacs_check: executing OS command: sacct -S 2020-05-11 -P -j 10573965 -o jobid,state,exitcode,nodelist
[2020-05-11T02:59:57] debug: gromacs_check: executing OS command: squeue -h -j 10573965 -o %r
[2020-05-11T02:59:59] debug: gromacs_check: executing OS command: sacct -S 2020-05-11 -P -j 10573965 -o jobid,state,exitcode,nodelist
[2020-05-11T03:00:02] debug: gromacs_check: executing OS command: sacct -S 2020-05-11 -P -j 10573965 -o jobid,state,exitcode,nodelist
[2020-05-11T03:00:04] debug: gromacs_check: executing OS command: sacct -S 2020-05-11 -P -j 10573965 -o jobid,state,exitcode,nodelist
[2020-05-11T03:00:06] debug: gromacs_check: executing OS command: sacct -S 2020-05-11 -P -j 10573965 -o jobid,state,exitcode,nodelist
[2020-05-11T03:00:09] debug: gromacs_check: executing OS command: sacct -S 2020-05-11 -P -j 10573965 -o jobid,state,exitcode,nodelist
[2020-05-11T03:00:10] debug: gromacs_check: executing OS command: sacct -S 2020-05-11 -P -j 10573965 -o jobid,state,exitcode,nodelist
[2020-05-11T03:00:12] debug: gromacs_check: executing OS command: sacct -S 2020-05-11 -P -j 10573965 -o jobid,state,exitcode,nodelist
[2020-05-11T03:00:16] debug: gromacs_check: executing OS command: sacct -S 2020-05-11 -P -j 10573965 -o jobid,state,exitcode,nodelist
[2020-05-11T03:00:17] debug: gromacs_check: executing OS command: sacct -S 2020-05-11 -P -j 10573965 -o jobid,state,exitcode,nodelist
[2020-05-11T03:00:19] debug: gromacs_check: executing OS command: sacct -S 2020-05-11 -P -j 10573965 -o jobid,state,exitcode,nodelist
[2020-05-11T03:00:19] debug: gromacs_check: executing OS command: squeue -h -j 10573965 -o %r
[2020-05-11T03:00:23] debug: gromacs_check: executing OS command: sacct -S 2020-05-11 -P -j 10573965 -o jobid,state,exitcode,nodelist
[2020-05-11T03:00:24] debug: gromacs_check: executing OS command: sacct -S 2020-05-11 -P -j 10573965 -o jobid,state,exitcode,nodelist
[2020-05-11T03:00:26] debug: gromacs_check: executing OS command: sacct -S 2020-05-11 -P -j 10573965 -o jobid,state,exitcode,nodelist
[2020-05-11T03:00:29] debug: gromacs_check: executing OS command: sacct -S 2020-05-11 -P -j 10573965 -o jobid,state,exitcode,nodelist
[2020-05-11T03:00:30] debug: gromacs_check: executing OS command: sacct -S 2020-05-11 -P -j 10573965 -o jobid,state,exitcode,nodelist
[2020-05-11T03:00:33] debug: gromacs_check: executing OS command: sacct -S 2020-05-11 -P -j 10573965 -o jobid,state,exitcode,nodelist
[2020-05-11T03:00:36] debug: gromacs_check: executing OS command: sacct -S 2020-05-11 -P -j 10573965 -o jobid,state,exitcode,nodelist
[2020-05-11T03:00:37] debug: gromacs_check: executing OS command: sacct -S 2020-05-11 -P -j 10573965 -o jobid,state,exitcode,nodelist
[2020-05-11T03:00:39] debug: gromacs_check: executing OS command: sacct -S 2020-05-11 -P -j 10573965 -o jobid,state,exitcode,nodelist
[2020-05-11T03:00:43] debug: gromacs_check: executing OS command: sacct -S 2020-05-11 -P -j 10573965 -o jobid,state,exitcode,nodelist
[2020-05-11T03:00:43] debug: gromacs_check: executing OS command: squeue -h -j 10573965 -o %r
[2020-05-11T03:00:44] debug: gromacs_check: executing OS command: sacct -S 2020-05-11 -P -j 10573965 -o jobid,state,exitcode,nodelist
[2020-05-11T03:00:46] debug: gromacs_check: executing OS command: sacct -S 2020-05-11 -P -j 10573965 -o jobid,state,exitcode,nodelist
[2020-05-11T03:00:49] debug: gromacs_check: executing OS command: sacct -S 2020-05-11 -P -j 10573965 -o jobid,state,exitcode,nodelist
[2020-05-11T03:00:51] debug: gromacs_check: executing OS command: sacct -S 2020-05-11 -P -j 10573965 -o jobid,state,exitcode,nodelist
[2020-05-11T03:00:53] debug: gromacs_check: executing OS command: sacct -S 2020-05-11 -P -j 10573965 -o jobid,state,exitcode,nodelist
[2020-05-11T03:00:56] debug: gromacs_check: executing OS command: sacct -S 2020-05-11 -P -j 10573965 -o jobid,state,exitcode,nodelist
[2020-05-11T03:00:57] debug: gromacs_check: executing OS command: sacct -S 2020-05-11 -P -j 10573965 -o jobid,state,exitcode,nodelist
[2020-05-11T03:00:59] debug: gromacs_check: executing OS command: sacct -S 2020-05-11 -P -j 10573965 -o jobid,state,exitcode,nodelist
[2020-05-11T03:01:03] debug: gromacs_check: executing OS command: sacct -S 2020-05-11 -P -j 10573965 -o jobid,state,exitcode,nodelist
[2020-05-11T03:01:04] debug: gromacs_check: executing OS command: sacct -S 2020-05-11 -P -j 10573965 -o jobid,state,exitcode,nodelist
[2020-05-11T03:01:04] debug: gromacs_check: executing OS command: squeue -h -j 10573965 -o %r
[2020-05-11T03:01:06] debug: gromacs_check: executing OS command: sacct -S 2020-05-11 -P -j 10573965 -o jobid,state,exitcode,nodelist
[2020-05-11T03:01:09] debug: gromacs_check: executing OS command: sacct -S 2020-05-11 -P -j 10573965 -o jobid,state,exitcode,nodelist
[2020-05-11T03:01:11] debug: gromacs_check: executing OS command: sacct -S 2020-05-11 -P -j 10573965 -o jobid,state,exitcode,nodelist
[2020-05-11T03:01:13] debug: gromacs_check: executing OS command: sacct -S 2020-05-11 -P -j 10573965 -o jobid,state,exitcode,nodelist
[2020-05-11T03:01:16] debug: gromacs_check: executing OS command: sacct -S 2020-05-11 -P -j 10573965 -o jobid,state,exitcode,nodelist
[2020-05-11T03:01:17] debug: gromacs_check: executing OS command: sacct -S 2020-05-11 -P -j 10573965 -o jobid,state,exitcode,nodelist
[2020-05-11T03:01:20] debug: gromacs_check: executing OS command: sacct -S 2020-05-11 -P -j 10573965 -o jobid,state,exitcode,nodelist
[2020-05-11T03:01:23] debug: gromacs_check: executing OS command: sacct -S 2020-05-11 -P -j 10573965 -o jobid,state,exitcode,nodelist
[2020-05-11T03:01:24] debug: gromacs_check: executing OS command: sacct -S 2020-05-11 -P -j 10573965 -o jobid,state,exitcode,nodelist
[2020-05-11T03:01:26] debug: gromacs_check: executing OS command: sacct -S 2020-05-11 -P -j 10573965 -o jobid,state,exitcode,nodelist
[2020-05-11T03:01:27] debug: gromacs_check: executing OS command: squeue -h -j 10573965 -o %r
[2020-05-11T03:01:30] debug: gromacs_check: executing OS command: sacct -S 2020-05-11 -P -j 10573965 -o jobid,state,exitcode,nodelist
[2020-05-11T03:01:31] debug: gromacs_check: executing OS command: sacct -S 2020-05-11 -P -j 10573965 -o jobid,state,exitcode,nodelist
[2020-05-11T03:01:33] debug: gromacs_check: executing OS command: sacct -S 2020-05-11 -P -j 10573965 -o jobid,state,exitcode,nodelist
[2020-05-11T03:01:36] debug: gromacs_check: executing OS command: sacct -S 2020-05-11 -P -j 10573965 -o jobid,state,exitcode,nodelist
[2020-05-11T03:01:37] debug: gromacs_check: executing OS command: scontrol -a show -o node cn509-11-r
[2020-05-11T03:01:38] debug: gromacs_check: executing OS command: sacct -S 2020-05-11 -P -j 10573965 -o jobid,state,exitcode,nodelist
[2020-05-11T03:01:40] debug: gromacs_check: executing OS command: sacct -S 2020-05-11 -P -j 10573965 -o jobid,state,exitcode,nodelist
[2020-05-11T03:01:43] debug: gromacs_check: executing OS command: sacct -S 2020-05-11 -P -j 10573965 -o jobid,state,exitcode,nodelist
[2020-05-11T03:01:44] debug: gromacs_check: executing OS command: sacct -S 2020-05-11 -P -j 10573965 -o jobid,state,exitcode,nodelist
[2020-05-11T03:01:47] debug: gromacs_check: executing OS command: sacct -S 2020-05-11 -P -j 10573965 -o jobid,state,exitcode,nodelist
[2020-05-11T03:01:50] debug: gromacs_check: executing OS command: sacct -S 2020-05-11 -P -j 10573965 -o jobid,state,exitcode,nodelist
[2020-05-11T03:01:51] debug: gromacs_check: executing OS command: sacct -S 2020-05-11 -P -j 10573965 -o jobid,state,exitcode,nodelist
[2020-05-11T03:01:53] debug: gromacs_check: executing OS command: sacct -S 2020-05-11 -P -j 10573965 -o jobid,state,exitcode,nodelist
[2020-05-11T03:01:56] debug: gromacs_check: executing OS command: sacct -S 2020-05-11 -P -j 10573965 -o jobid,state,exitcode,nodelist
[2020-05-11T03:01:58] debug: gromacs_check: executing OS command: sacct -S 2020-05-11 -P -j 10573965 -o jobid,state,exitcode,nodelist
[2020-05-11T03:02:00] debug: gromacs_check: executing OS command: sacct -S 2020-05-11 -P -j 10573965 -o jobid,state,exitcode,nodelist
[2020-05-11T03:02:03] debug: gromacs_check: executing OS command: sacct -S 2020-05-11 -P -j 10573965 -o jobid,state,exitcode,nodelist
[2020-05-11T03:02:04] debug: gromacs_check: executing OS command: sacct -S 2020-05-11 -P -j 10573965 -o jobid,state,exitcode,nodelist
[2020-05-11T03:02:07] debug: gromacs_check: executing OS command: sacct -S 2020-05-11 -P -j 10573965 -o jobid,state,exitcode,nodelist
[2020-05-11T03:02:10] debug: gromacs_check: executing OS command: sacct -S 2020-05-11 -P -j 10573965 -o jobid,state,exitcode,nodelist
[2020-05-11T03:02:11] debug: gromacs_check: executing OS command: sacct -S 2020-05-11 -P -j 10573965 -o jobid,state,exitcode,nodelist
[2020-05-11T03:02:13] debug: gromacs_check: executing OS command: sacct -S 2020-05-11 -P -j 10573965 -o jobid,state,exitcode,nodelist
[2020-05-11T03:02:17] debug: gromacs_check: executing OS command: sacct -S 2020-05-11 -P -j 10573965 -o jobid,state,exitcode,nodelist
[2020-05-11T03:02:18] debug: gromacs_check: executing OS command: sacct -S 2020-05-11 -P -j 10573965 -o jobid,state,exitcode,nodelist
[2020-05-11T03:02:20] debug: gromacs_check: executing OS command: sacct -S 2020-05-11 -P -j 10573965 -o jobid,state,exitcode,nodelist
[2020-05-11T03:02:23] debug: gromacs_check: executing OS command: sacct -S 2020-05-11 -P -j 10573965 -o jobid,state,exitcode,nodelist
[2020-05-11T03:02:24] debug: gromacs_check: executing OS command: sacct -S 2020-05-11 -P -j 10573965 -o jobid,state,exitcode,nodelist
[2020-05-11T03:02:27] debug: gromacs_check: executing OS command: sacct -S 2020-05-11 -P -j 10573965 -o jobid,state,exitcode,nodelist
[2020-05-11T03:02:30] debug: gromacs_check: executing OS command: sacct -S 2020-05-11 -P -j 10573965 -o jobid,state,exitcode,nodelist
[2020-05-11T03:02:31] debug: gromacs_check: executing OS command: sacct -S 2020-05-11 -P -j 10573965 -o jobid,state,exitcode,nodelist
[2020-05-11T03:02:33] debug: gromacs_check: executing OS command: sacct -S 2020-05-11 -P -j 10573965 -o jobid,state,exitcode,nodelist
[2020-05-11T03:02:36] debug: gromacs_check: executing OS command: sacct -S 2020-05-11 -P -j 10573965 -o jobid,state,exitcode,nodelist
[2020-05-11T03:02:38] debug: gromacs_check: executing OS command: sacct -S 2020-05-11 -P -j 10573965 -o jobid,state,exitcode,nodelist
[2020-05-11T03:02:40] debug: gromacs_check: executing OS command: sacct -S 2020-05-11 -P -j 10573965 -o jobid,state,exitcode,nodelist
[2020-05-11T03:02:43] debug: gromacs_check: executing OS command: sacct -S 2020-05-11 -P -j 10573965 -o jobid,state,exitcode,nodelist
[2020-05-11T03:02:44] debug: gromacs_check: executing OS command: sacct -S 2020-05-11 -P -j 10573965 -o jobid,state,exitcode,nodelist
[2020-05-11T03:02:47] debug: gromacs_check: executing OS command: sacct -S 2020-05-11 -P -j 10573965 -o jobid,state,exitcode,nodelist
[2020-05-11T03:02:50] debug: gromacs_check: executing OS command: sacct -S 2020-05-11 -P -j 10573965 -o jobid,state,exitcode,nodelist
[2020-05-11T03:02:51] debug: gromacs_check: executing OS command: sacct -S 2020-05-11 -P -j 10573965 -o jobid,state,exitcode,nodelist
[2020-05-11T03:02:53] debug: gromacs_check: executing OS command: sacct -S 2020-05-11 -P -j 10573965 -o jobid,state,exitcode,nodelist
[2020-05-11T03:02:56] debug: gromacs_check: executing OS command: sacct -S 2020-05-11 -P -j 10573965 -o jobid,state,exitcode,nodelist
[2020-05-11T03:02:58] debug: gromacs_check: executing OS command: sacct -S 2020-05-11 -P -j 10573965 -o jobid,state,exitcode,nodelist
[2020-05-11T03:03:00] debug: gromacs_check: executing OS command: sacct -S 2020-05-11 -P -j 10573965 -o jobid,state,exitcode,nodelist
[2020-05-11T03:03:03] debug: gromacs_check: executing OS command: sacct -S 2020-05-11 -P -j 10573965 -o jobid,state,exitcode,nodelist
[2020-05-11T03:03:04] debug: gromacs_check: executing OS command: sacct -S 2020-05-11 -P -j 10573965 -o jobid,state,exitcode,nodelist
[2020-05-11T03:03:07] debug: gromacs_check: executing OS command: sacct -S 2020-05-11 -P -j 10573965 -o jobid,state,exitcode,nodelist
[2020-05-11T03:03:10] debug: gromacs_check: executing OS command: sacct -S 2020-05-11 -P -j 10573965 -o jobid,state,exitcode,nodelist
[2020-05-11T03:03:11] debug: gromacs_check: executing OS command: sacct -S 2020-05-11 -P -j 10573965 -o jobid,state,exitcode,nodelist
[2020-05-11T03:03:13] debug: gromacs_check: executing OS command: sacct -S 2020-05-11 -P -j 10573965 -o jobid,state,exitcode,nodelist
[2020-05-11T03:03:17] debug: gromacs_check: executing OS command: sacct -S 2020-05-11 -P -j 10573965 -o jobid,state,exitcode,nodelist
[2020-05-11T03:03:18] debug: gromacs_check: executing OS command: sacct -S 2020-05-11 -P -j 10573965 -o jobid,state,exitcode,nodelist
[2020-05-11T03:03:20] debug: gromacs_check: executing OS command: sacct -S 2020-05-11 -P -j 10573965 -o jobid,state,exitcode,nodelist
[2020-05-11T03:03:23] debug: gromacs_check: executing OS command: sacct -S 2020-05-11 -P -j 10573965 -o jobid,state,exitcode,nodelist
[2020-05-11T03:03:24] debug: gromacs_check: executing OS command: sacct -S 2020-05-11 -P -j 10573965 -o jobid,state,exitcode,nodelist
[2020-05-11T03:03:27] debug: gromacs_check: executing OS command: sacct -S 2020-05-11 -P -j 10573965 -o jobid,state,exitcode,nodelist
[2020-05-11T03:03:30] debug: gromacs_check: executing OS command: sacct -S 2020-05-11 -P -j 10573965 -o jobid,state,exitcode,nodelist
[2020-05-11T03:03:31] debug: gromacs_check: executing OS command: sacct -S 2020-05-11 -P -j 10573965 -o jobid,state,exitcode,nodelist
[2020-05-11T03:03:33] debug: gromacs_check: executing OS command: sacct -S 2020-05-11 -P -j 10573965 -o jobid,state,exitcode,nodelist
[2020-05-11T03:03:37] debug: gromacs_check: executing OS command: sacct -S 2020-05-11 -P -j 10573965 -o jobid,state,exitcode,nodelist
[2020-05-11T03:03:38] debug: gromacs_check: executing OS command: sacct -S 2020-05-11 -P -j 10573965 -o jobid,state,exitcode,nodelist
[2020-05-11T03:03:40] debug: gromacs_check: executing OS command: sacct -S 2020-05-11 -P -j 10573965 -o jobid,state,exitcode,nodelist
[2020-05-11T03:03:43] debug: gromacs_check: executing OS command: sacct -S 2020-05-11 -P -j 10573965 -o jobid,state,exitcode,nodelist
[2020-05-11T03:03:45] debug: gromacs_check: executing OS command: sacct -S 2020-05-11 -P -j 10573965 -o jobid,state,exitcode,nodelist
[2020-05-11T03:03:47] debug: gromacs_check: executing OS command: sacct -S 2020-05-11 -P -j 10573965 -o jobid,state,exitcode,nodelist
[2020-05-11T03:03:50] debug: gromacs_check: executing OS command: sacct -S 2020-05-11 -P -j 10573965 -o jobid,state,exitcode,nodelist
[2020-05-11T03:03:51] debug: gromacs_check: executing OS command: sacct -S 2020-05-11 -P -j 10573965 -o jobid,state,exitcode,nodelist
[2020-05-11T03:03:54] debug: gromacs_check: executing OS command: sacct -S 2020-05-11 -P -j 10573965 -o jobid,state,exitcode,nodelist
[2020-05-11T03:03:57] debug: gromacs_check: executing OS command: sacct -S 2020-05-11 -P -j 10573965 -o jobid,state,exitcode,nodelist
[2020-05-11T03:03:58] debug: gromacs_check: executing OS command: sacct -S 2020-05-11 -P -j 10573965 -o jobid,state,exitcode,nodelist
[2020-05-11T03:04:00] debug: gromacs_check: executing OS command: sacct -S 2020-05-11 -P -j 10573965 -o jobid,state,exitcode,nodelist
[2020-05-11T03:04:03] debug: gromacs_check: executing OS command: sacct -S 2020-05-11 -P -j 10573965 -o jobid,state,exitcode,nodelist
[2020-05-11T03:04:05] debug: gromacs_check: executing OS command: sacct -S 2020-05-11 -P -j 10573965 -o jobid,state,exitcode,nodelist
[2020-05-11T03:04:07] debug: gromacs_check: executing OS command: sacct -S 2020-05-11 -P -j 10573965 -o jobid,state,exitcode,nodelist
[2020-05-11T03:04:10] debug: gromacs_check: executing OS command: sacct -S 2020-05-11 -P -j 10573965 -o jobid,state,exitcode,nodelist
[2020-05-11T03:04:11] debug: gromacs_check: executing OS command: sacct -S 2020-05-11 -P -j 10573965 -o jobid,state,exitcode,nodelist
[2020-05-11T03:04:14] debug: gromacs_check: executing OS command: sacct -S 2020-05-11 -P -j 10573965 -o jobid,state,exitcode,nodelist
[2020-05-11T03:04:17] debug: gromacs_check: executing OS command: sacct -S 2020-05-11 -P -j 10573965 -o jobid,state,exitcode,nodelist
[2020-05-11T03:04:18] debug: gromacs_check: executing OS command: sacct -S 2020-05-11 -P -j 10573965 -o jobid,state,exitcode,nodelist
[2020-05-11T03:04:20] debug: gromacs_check: executing OS command: sacct -S 2020-05-11 -P -j 10573965 -o jobid,state,exitcode,nodelist
[2020-05-11T03:04:23] debug: gromacs_check: executing OS command: sacct -S 2020-05-11 -P -j 10573965 -o jobid,state,exitcode,nodelist
[2020-05-11T03:04:25] debug: gromacs_check: executing OS command: sacct -S 2020-05-11 -P -j 10573965 -o jobid,state,exitcode,nodelist
[2020-05-11T03:04:27] debug: gromacs_check: executing OS command: sacct -S 2020-05-11 -P -j 10573965 -o jobid,state,exitcode,nodelist
[2020-05-11T03:04:30] debug: gromacs_check: executing OS command: sacct -S 2020-05-11 -P -j 10573965 -o jobid,state,exitcode,nodelist
[2020-05-11T03:04:31] debug: gromacs_check: executing OS command: sacct -S 2020-05-11 -P -j 10573965 -o jobid,state,exitcode,nodelist
[2020-05-11T03:04:34] debug: gromacs_check: executing OS command: sacct -S 2020-05-11 -P -j 10573965 -o jobid,state,exitcode,nodelist
[2020-05-11T03:04:37] debug: gromacs_check: executing OS command: sacct -S 2020-05-11 -P -j 10573965 -o jobid,state,exitcode,nodelist
[2020-05-11T03:04:38] debug: gromacs_check: executing OS command: sacct -S 2020-05-11 -P -j 10573965 -o jobid,state,exitcode,nodelist
[2020-05-11T03:04:40] debug: gromacs_check: executing OS command: sacct -S 2020-05-11 -P -j 10573965 -o jobid,state,exitcode,nodelist
[2020-05-11T03:04:43] debug: gromacs_check: executing OS command: sacct -S 2020-05-11 -P -j 10573965 -o jobid,state,exitcode,nodelist
[2020-05-11T03:04:45] debug: gromacs_check: executing OS command: sacct -S 2020-05-11 -P -j 10573965 -o jobid,state,exitcode,nodelist
[2020-05-11T03:04:47] debug: gromacs_check: executing OS command: sacct -S 2020-05-11 -P -j 10573965 -o jobid,state,exitcode,nodelist
[2020-05-11T03:04:50] debug: gromacs_check: executing OS command: sacct -S 2020-05-11 -P -j 10573965 -o jobid,state,exitcode,nodelist
[2020-05-11T03:04:51] debug: gromacs_check: executing OS command: sacct -S 2020-05-11 -P -j 10573965 -o jobid,state,exitcode,nodelist
[2020-05-11T03:04:54] debug: gromacs_check: executing OS command: sacct -S 2020-05-11 -P -j 10573965 -o jobid,state,exitcode,nodelist
[2020-05-11T03:04:57] debug: gromacs_check: executing OS command: sacct -S 2020-05-11 -P -j 10573965 -o jobid,state,exitcode,nodelist
[2020-05-11T03:04:58] debug: gromacs_check: executing OS command: sacct -S 2020-05-11 -P -j 10573965 -o jobid,state,exitcode,nodelist
[2020-05-11T03:05:00] debug: gromacs_check: executing OS command: sacct -S 2020-05-11 -P -j 10573965 -o jobid,state,exitcode,nodelist
[2020-05-11T03:05:03] debug: gromacs_check: executing OS command: sacct -S 2020-05-11 -P -j 10573965 -o jobid,state,exitcode,nodelist
[2020-05-11T03:05:05] debug: gromacs_check: executing OS command: sacct -S 2020-05-11 -P -j 10573965 -o jobid,state,exitcode,nodelist
[2020-05-11T03:05:07] debug: gromacs_check: executing OS command: sacct -S 2020-05-11 -P -j 10573965 -o jobid,state,exitcode,nodelist
[2020-05-11T03:05:10] debug: gromacs_check: executing OS command: sacct -S 2020-05-11 -P -j 10573965 -o jobid,state,exitcode,nodelist
[2020-05-11T03:05:11] debug: gromacs_check: executing OS command: sacct -S 2020-05-11 -P -j 10573965 -o jobid,state,exitcode,nodelist
[2020-05-11T03:05:14] debug: gromacs_check: executing OS command: sacct -S 2020-05-11 -P -j 10573965 -o jobid,state,exitcode,nodelist
[2020-05-11T03:05:17] debug: gromacs_check: executing OS command: sacct -S 2020-05-11 -P -j 10573965 -o jobid,state,exitcode,nodelist
[2020-05-11T03:05:18] debug: gromacs_check: executing OS command: sacct -S 2020-05-11 -P -j 10573965 -o jobid,state,exitcode,nodelist
[2020-05-11T03:05:20] debug: gromacs_check: executing OS command: sacct -S 2020-05-11 -P -j 10573965 -o jobid,state,exitcode,nodelist
[2020-05-11T03:05:23] debug: gromacs_check: executing OS command: sacct -S 2020-05-11 -P -j 10573965 -o jobid,state,exitcode,nodelist
[2020-05-11T03:05:25] debug: gromacs_check: executing OS command: sacct -S 2020-05-11 -P -j 10573965 -o jobid,state,exitcode,nodelist
[2020-05-11T03:05:27] debug: gromacs_check: executing OS command: sacct -S 2020-05-11 -P -j 10573965 -o jobid,state,exitcode,nodelist
[2020-05-11T03:05:30] debug: gromacs_check: executing OS command: sacct -S 2020-05-11 -P -j 10573965 -o jobid,state,exitcode,nodelist
[2020-05-11T03:05:31] debug: gromacs_check: executing OS command: sacct -S 2020-05-11 -P -j 10573965 -o jobid,state,exitcode,nodelist
[2020-05-11T03:05:34] debug: gromacs_check: executing OS command: sacct -S 2020-05-11 -P -j 10573965 -o jobid,state,exitcode,nodelist
[2020-05-11T03:05:37] debug: gromacs_check: executing OS command: sacct -S 2020-05-11 -P -j 10573965 -o jobid,state,exitcode,nodelist
[2020-05-11T03:05:38] debug: gromacs_check: executing OS command: sacct -S 2020-05-11 -P -j 10573965 -o jobid,state,exitcode,nodelist
[2020-05-11T03:05:40] debug: gromacs_check: executing OS command: sacct -S 2020-05-11 -P -j 10573965 -o jobid,state,exitcode,nodelist
[2020-05-11T03:05:43] debug: gromacs_check: executing OS command: sacct -S 2020-05-11 -P -j 10573965 -o jobid,state,exitcode,nodelist
[2020-05-11T03:05:45] debug: gromacs_check: executing OS command: sacct -S 2020-05-11 -P -j 10573965 -o jobid,state,exitcode,nodelist
[2020-05-11T03:05:47] debug: gromacs_check: executing OS command: sacct -S 2020-05-11 -P -j 10573965 -o jobid,state,exitcode,nodelist
[2020-05-11T03:05:50] debug: gromacs_check: executing OS command: sacct -S 2020-05-11 -P -j 10573965 -o jobid,state,exitcode,nodelist
[2020-05-11T03:05:51] debug: gromacs_check: executing OS command: sacct -S 2020-05-11 -P -j 10573965 -o jobid,state,exitcode,nodelist
[2020-05-11T03:05:54] debug: gromacs_check: executing OS command: sacct -S 2020-05-11 -P -j 10573965 -o jobid,state,exitcode,nodelist
[2020-05-11T03:05:57] debug: gromacs_check: executing OS command: sacct -S 2020-05-11 -P -j 10573965 -o jobid,state,exitcode,nodelist
[2020-05-11T03:05:58] debug: gromacs_check: executing OS command: sacct -S 2020-05-11 -P -j 10573965 -o jobid,state,exitcode,nodelist
[2020-05-11T03:06:00] debug: gromacs_check: executing OS command: sacct -S 2020-05-11 -P -j 10573965 -o jobid,state,exitcode,nodelist
[2020-05-11T03:06:03] debug: gromacs_check: executing OS command: sacct -S 2020-05-11 -P -j 10573965 -o jobid,state,exitcode,nodelist
[2020-05-11T03:06:05] debug: gromacs_check: executing OS command: sacct -S 2020-05-11 -P -j 10573965 -o jobid,state,exitcode,nodelist
[2020-05-11T03:06:07] debug: gromacs_check: executing OS command: sacct -S 2020-05-11 -P -j 10573965 -o jobid,state,exitcode,nodelist
[2020-05-11T03:06:10] debug: gromacs_check: executing OS command: sacct -S 2020-05-11 -P -j 10573965 -o jobid,state,exitcode,nodelist
[2020-05-11T03:06:11] debug: gromacs_check: executing OS command: sacct -S 2020-05-11 -P -j 10573965 -o jobid,state,exitcode,nodelist
[2020-05-11T03:06:14] debug: gromacs_check: executing OS command: sacct -S 2020-05-11 -P -j 10573965 -o jobid,state,exitcode,nodelist
[2020-05-11T03:06:17] debug: gromacs_check: executing OS command: sacct -S 2020-05-11 -P -j 10573965 -o jobid,state,exitcode,nodelist
[2020-05-11T03:06:18] debug: gromacs_check: executing OS command: sacct -S 2020-05-11 -P -j 10573965 -o jobid,state,exitcode,nodelist
[2020-05-11T03:06:20] debug: gromacs_check: executing OS command: sacct -S 2020-05-11 -P -j 10573965 -o jobid,state,exitcode,nodelist
[2020-05-11T03:06:23] debug: gromacs_check: executing OS command: sacct -S 2020-05-11 -P -j 10573965 -o jobid,state,exitcode,nodelist
[2020-05-11T03:06:25] debug: gromacs_check: executing OS command: sacct -S 2020-05-11 -P -j 10573965 -o jobid,state,exitcode,nodelist
[2020-05-11T03:06:27] debug: gromacs_check: executing OS command: sacct -S 2020-05-11 -P -j 10573965 -o jobid,state,exitcode,nodelist
[2020-05-11T03:06:30] debug: gromacs_check: executing OS command: sacct -S 2020-05-11 -P -j 10573965 -o jobid,state,exitcode,nodelist
[2020-05-11T03:06:31] debug: gromacs_check: executing OS command: sacct -S 2020-05-11 -P -j 10573965 -o jobid,state,exitcode,nodelist
[2020-05-11T03:06:34] debug: gromacs_check: executing OS command: sacct -S 2020-05-11 -P -j 10573965 -o jobid,state,exitcode,nodelist
[2020-05-11T03:06:37] debug: gromacs_check: executing OS command: sacct -S 2020-05-11 -P -j 10573965 -o jobid,state,exitcode,nodelist
[2020-05-11T03:06:38] debug: gromacs_check: executing OS command: sacct -S 2020-05-11 -P -j 10573965 -o jobid,state,exitcode,nodelist
[2020-05-11T03:06:40] debug: gromacs_check: executing OS command: sacct -S 2020-05-11 -P -j 10573965 -o jobid,state,exitcode,nodelist
[2020-05-11T03:06:43] debug: gromacs_check: executing OS command: sacct -S 2020-05-11 -P -j 10573965 -o jobid,state,exitcode,nodelist
[2020-05-11T03:06:45] debug: gromacs_check: executing OS command: sacct -S 2020-05-11 -P -j 10573965 -o jobid,state,exitcode,nodelist
[2020-05-11T03:06:47] debug: gromacs_check: executing OS command: sacct -S 2020-05-11 -P -j 10573965 -o jobid,state,exitcode,nodelist
[2020-05-11T03:06:50] debug: gromacs_check: executing OS command: sacct -S 2020-05-11 -P -j 10573965 -o jobid,state,exitcode,nodelist
[2020-05-11T03:06:51] debug: gromacs_check: executing OS command: sacct -S 2020-05-11 -P -j 10573965 -o jobid,state,exitcode,nodelist
[2020-05-11T03:06:54] debug: gromacs_check: executing OS command: sacct -S 2020-05-11 -P -j 10573965 -o jobid,state,exitcode,nodelist
[2020-05-11T03:06:57] debug: gromacs_check: executing OS command: sacct -S 2020-05-11 -P -j 10573965 -o jobid,state,exitcode,nodelist
[2020-05-11T03:06:58] debug: gromacs_check: executing OS command: sacct -S 2020-05-11 -P -j 10573965 -o jobid,state,exitcode,nodelist
[2020-05-11T03:07:00] debug: gromacs_check: executing OS command: sacct -S 2020-05-11 -P -j 10573965 -o jobid,state,exitcode,nodelist
[2020-05-11T03:07:03] debug: gromacs_check: executing OS command: sacct -S 2020-05-11 -P -j 10573965 -o jobid,state,exitcode,nodelist
[2020-05-11T03:07:05] debug: gromacs_check: executing OS command: sacct -S 2020-05-11 -P -j 10573965 -o jobid,state,exitcode,nodelist
[2020-05-11T03:07:05] debug: gromacs_check: spawned job finished
[2020-05-11T03:07:05] debug: gromacs_check: entering stage: sanity
[2020-05-11T03:07:05] debug: gromacs_check: caught re.error: unbalanced parenthesis at position 2
[2020-05-11T03:07:05] info: reframe: [ [31m    FAIL[0m ] gromacs_check on ibex:batch using intel
[2020-05-11T03:07:05] info: reframe: [----------] finished processing gromacs_check (GROMACS 2019 Run Only tests)
[2020-05-11T03:07:05] info: reframe: 
[2020-05-11T03:07:05] info: reframe: [ [31m FAILED [0m ] Ran 1 test case(s) from 1 check(s) (1 failure(s))
[2020-05-11T03:07:05] info: reframe: [==========] Finished on Mon May 11 03:07:05 2020 
[2020-05-11T03:07:05] info: reframe: 
[2020-05-11T03:07:05] info: reframe: ==============================================================================
SUMMARY OF FAILURES
------------------------------------------------------------------------------
FAILURE INFO for gromacs_check 
  * System partition: ibex:batch
  * Environment: intel
  * Stage directory: /ibex/scratch/ismailiy/reframe/ismailiy_reframe/ksl_postmaint_tests/stage/ibex/batch/intel/gromacs_check
  * Node list: cn509-11-r
  * Job type: batch job (id=10573965)
  * Maintainers: []
  * Failing phase: sanity
  * Reason: unexpected error: unbalanced parenthesis at position 2
Traceback (most recent call last):
  File "/ibex/scratch/projects/swtools/software/apps/reframe-2.21/reframe/utility/sanity.py", line 758, in count
    return builtins.len(iterable)
TypeError: object of type 'generator' has no len()

During handling of the above exception, another exception occurred:

Traceback (most recent call last):
  File "/ibex/scratch/projects/swtools/software/apps/reframe-2.21/reframe/frontend/executors/__init__.py", line 163, in _safe_call
    return fn(*args, **kwargs)
  File "/ibex/scratch/projects/swtools/software/apps/reframe-2.21/reframe/core/pipeline.py", line 96, in _fn
    func(obj, *args, **kwargs)
  File "/ibex/scratch/projects/swtools/software/apps/reframe-2.21/reframe/core/pipeline.py", line 1230, in sanity
    self.check_sanity()
  File "/ibex/scratch/projects/swtools/software/apps/reframe-2.21/reframe/core/pipeline.py", line 1249, in check_sanity
    success = sn.evaluate(self.sanity_patterns)
  File "/ibex/scratch/projects/swtools/software/apps/reframe-2.21/reframe/utility/sanity.py", line 727, in evaluate
    return expr.evaluate()
  File "/ibex/scratch/projects/swtools/software/apps/reframe-2.21/reframe/core/deferrable.py", line 53, in evaluate
    ret = self._fn(*fn_args, **fn_kwargs)
  File "/ibex/scratch/projects/swtools/software/apps/reframe-2.21/reframe/utility/sanity.py", line 449, in assert_found
    evaluate(assert_true(num_matches))
  File "/ibex/scratch/projects/swtools/software/apps/reframe-2.21/reframe/utility/sanity.py", line 727, in evaluate
    return expr.evaluate()
  File "/ibex/scratch/projects/swtools/software/apps/reframe-2.21/reframe/core/deferrable.py", line 46, in evaluate
    arg.evaluate() if isinstance(arg, type(self)) else arg)
  File "/ibex/scratch/projects/swtools/software/apps/reframe-2.21/reframe/core/deferrable.py", line 53, in evaluate
    ret = self._fn(*fn_args, **fn_kwargs)
  File "/ibex/scratch/projects/swtools/software/apps/reframe-2.21/reframe/utility/sanity.py", line 762, in count
    for ret, _ in builtins.enumerate(iterable, start=1):
  File "/ibex/scratch/projects/swtools/software/apps/reframe-2.21/reframe/utility/sanity.py", line 566, in finditer
    yield from re.finditer(patt, fp.read(), re.MULTILINE)
  File "/sw/csi/python/3.7.0/el7.6_gnu6.4.0/lib/python3.7/re.py", line 230, in finditer
    return _compile(pattern, flags).finditer(string)
  File "/sw/csi/python/3.7.0/el7.6_gnu6.4.0/lib/python3.7/re.py", line 286, in _compile
    p = sre_compile.compile(pattern, flags)
  File "/sw/csi/python/3.7.0/el7.6_gnu6.4.0/lib/python3.7/sre_compile.py", line 764, in compile
    p = sre_parse.parse(p, flags)
  File "/sw/csi/python/3.7.0/el7.6_gnu6.4.0/lib/python3.7/sre_parse.py", line 944, in parse
    raise source.error("unbalanced parenthesis")
re.error: unbalanced parenthesis at position 2

------------------------------------------------------------------------------
